<TestRun id="831d855d-3009-4790-9f13-c01916eca19d" name="LAPTOP-K2EK61Q7\songgao 2023-01-26T15:16:30.246Z"
    runUser="LAPTOP-K2EK61Q7\songgao" xmlns="http://microsoft.com/schemas/VisualStudio/TeamTest/2010">
    <TestDefinitions>
        <UnitTest id="9d791c3d-6695-5db3-a9b4-a3b0c6eed934" name="trx-owner"
            storage="C:\Code\trx-reporter-for-playwright\playwright-tests\example.spec.ts">
            <Owners>
                <Owner name="Song Gao" />
            </Owners>
            <TestMethod className="chromium &gt; example.spec.ts"
                codeBase="C:\Code\trx-reporter-for-playwright\playwright-tests\example.spec.ts" name="trx-owner" />
        </UnitTest>
        <UnitTest id="04568db8-8468-57c2-9447-9f9bfec179a5" name="trx-priority" priority="1"
            storage="C:\Code\trx-reporter-for-playwright\playwright-tests\example.spec.ts">
            <TestMethod className="chromium &gt; example.spec.ts"
                codeBase="C:\Code\trx-reporter-for-playwright\playwright-tests\example.spec.ts" name="trx-priority" />
        </UnitTest>
        <UnitTest id="01ce8f93-9bd0-5008-82dc-83ea6db527b7" name="trx-exception"
            storage="C:\Code\trx-reporter-for-playwright\playwright-tests\example.spec.ts">
            <TestMethod className="chromium &gt; example.spec.ts"
                codeBase="C:\Code\trx-reporter-for-playwright\playwright-tests\example.spec.ts" name="trx-exception" />
        </UnitTest>
        <UnitTest id="f1fbf9d4-af2b-5277-b100-558d02b71af2" name="trx-retry-when-failed"
            storage="C:\Code\trx-reporter-for-playwright\playwright-tests\example.spec.ts">
            <TestMethod className="chromium &gt; example.spec.ts"
                codeBase="C:\Code\trx-reporter-for-playwright\playwright-tests\example.spec.ts"
                name="trx-retry-when-failed" />
        </UnitTest>
        <UnitTest id="18225929-31e3-52ff-a669-7df9fe804a08" name="trx-stdout"
            storage="C:\Code\trx-reporter-for-playwright\playwright-tests\example.spec.ts">
            <TestMethod className="chromium &gt; example.spec.ts"
                codeBase="C:\Code\trx-reporter-for-playwright\playwright-tests\example.spec.ts" name="trx-stdout" />
        </UnitTest>
        <UnitTest id="32bbf147-3f79-5604-b8d9-5fdd5f912808" name="trx-stderr"
            storage="C:\Code\trx-reporter-for-playwright\playwright-tests\example.spec.ts">
            <TestMethod className="chromium &gt; example.spec.ts"
                codeBase="C:\Code\trx-reporter-for-playwright\playwright-tests\example.spec.ts" name="trx-stderr" />
        </UnitTest>
        <UnitTest id="c95cc757-d94d-5cb4-bd6e-c794d1e4624e" name="trx-attachment-text"
            storage="C:\Code\trx-reporter-for-playwright\playwright-tests\example.spec.ts">
            <TestMethod className="chromium &gt; example.spec.ts"
                codeBase="C:\Code\trx-reporter-for-playwright\playwright-tests\example.spec.ts"
                name="trx-attachment-text" />
        </UnitTest>
        <UnitTest id="c0e565df-9e66-570f-8028-927454205bcd" name="trx-attachment-png"
            storage="C:\Code\trx-reporter-for-playwright\playwright-tests\example.spec.ts">
            <TestMethod className="chromium &gt; example.spec.ts"
                codeBase="C:\Code\trx-reporter-for-playwright\playwright-tests\example.spec.ts"
                name="trx-attachment-png" />
        </UnitTest>
        <UnitTest id="2c91d602-0f17-5c1e-9936-9b0ef9c51917" name="auto" priority="5"
            storage="C:\Code\trx-reporter-for-playwright\playwright-tests\example.spec.ts">
            <Owners>
                <Owner name="Someone" />
            </Owners>
            <TestMethod className="chromium &gt; example.spec.ts"
                codeBase="C:\Code\trx-reporter-for-playwright\playwright-tests\example.spec.ts" name="auto" />
        </UnitTest>
    </TestDefinitions>
    <TestLists>
        <TestList id="8c84fa94-04c1-424b-9868-57a2d4851a1d" name="Results Not in a List" />
        <TestList id="19431567-8539-422a-85d7-44ee4e166bda" name="All Loaded Results" />
    </TestLists>
    <TestEntries>
        <TestEntry testId="9d791c3d-6695-5db3-a9b4-a3b0c6eed934" executionId="f72ab86e-ec83-4758-82b9-ddde738123e9"
            testListId="8c84fa94-04c1-424b-9868-57a2d4851a1d" />
        <TestEntry testId="04568db8-8468-57c2-9447-9f9bfec179a5" executionId="dcf8f51d-bf43-473e-9331-a6019a8e6b00"
            testListId="8c84fa94-04c1-424b-9868-57a2d4851a1d" />
        <TestEntry testId="01ce8f93-9bd0-5008-82dc-83ea6db527b7" executionId="00293b4c-5c10-4bca-a492-1909c07c9c74"
            testListId="8c84fa94-04c1-424b-9868-57a2d4851a1d" />
        <TestEntry testId="f1fbf9d4-af2b-5277-b100-558d02b71af2" executionId="2b1853cc-4704-4389-9b06-70e4038bd5be"
            testListId="8c84fa94-04c1-424b-9868-57a2d4851a1d" />
        <TestEntry testId="f1fbf9d4-af2b-5277-b100-558d02b71af2" executionId="c3febd12-1acc-4cd3-adf0-88b399dafb13"
            testListId="8c84fa94-04c1-424b-9868-57a2d4851a1d" />
        <TestEntry testId="18225929-31e3-52ff-a669-7df9fe804a08" executionId="110c7160-75a7-423f-9c3f-9a597a25bbfb"
            testListId="8c84fa94-04c1-424b-9868-57a2d4851a1d" />
        <TestEntry testId="32bbf147-3f79-5604-b8d9-5fdd5f912808" executionId="7c36d9c8-e91f-4aa5-b02c-9d964bbef90d"
            testListId="8c84fa94-04c1-424b-9868-57a2d4851a1d" />
        <TestEntry testId="c95cc757-d94d-5cb4-bd6e-c794d1e4624e" executionId="791a1bbd-283b-45a9-83bb-5a25cd0bf0f7"
            testListId="8c84fa94-04c1-424b-9868-57a2d4851a1d" />
        <TestEntry testId="c0e565df-9e66-570f-8028-927454205bcd" executionId="ed04fadd-d060-4069-88ff-4a1a4ca02b13"
            testListId="8c84fa94-04c1-424b-9868-57a2d4851a1d" />
        <TestEntry testId="2c91d602-0f17-5c1e-9936-9b0ef9c51917" executionId="725bbe7d-c918-4c97-8829-430ab410449c"
            testListId="8c84fa94-04c1-424b-9868-57a2d4851a1d" />
    </TestEntries>
    <Times creation="2023-01-26T15:16:30.246Z" finish="2023-01-26T15:16:35.826Z" />
    <Results>
        <UnitTestResult testName="trx-owner" testType="13cdc9d9-ddb5-4fa4-a97d-d965ccfc6d4b"
            testId="9d791c3d-6695-5db3-a9b4-a3b0c6eed934" testListId="8c84fa94-04c1-424b-9868-57a2d4851a1d"
            computerName="LAPTOP-K2EK61Q7" executionId="f72ab86e-ec83-4758-82b9-ddde738123e9" outcome="Passed"
            startTime="2023-01-26T15:16:30.811Z" endTime="2023-01-26T15:16:31.138Z" duration="00:00:00.327" />
        <UnitTestResult testName="trx-priority" testType="13cdc9d9-ddb5-4fa4-a97d-d965ccfc6d4b"
            testId="04568db8-8468-57c2-9447-9f9bfec179a5" testListId="8c84fa94-04c1-424b-9868-57a2d4851a1d"
            computerName="LAPTOP-K2EK61Q7" executionId="dcf8f51d-bf43-473e-9331-a6019a8e6b00" outcome="Passed"
            startTime="2023-01-26T15:16:31.850Z" endTime="2023-01-26T15:16:32.130Z" duration="00:00:00.280" />
        <UnitTestResult testName="trx-exception" testType="13cdc9d9-ddb5-4fa4-a97d-d965ccfc6d4b"
            testId="01ce8f93-9bd0-5008-82dc-83ea6db527b7" testListId="8c84fa94-04c1-424b-9868-57a2d4851a1d"
            computerName="LAPTOP-K2EK61Q7" executionId="00293b4c-5c10-4bca-a492-1909c07c9c74" outcome="Failed"
            startTime="2023-01-26T15:16:32.132Z" endTime="2023-01-26T15:16:32.402Z" duration="00:00:00.270">
            <Output>
                <ErrorInfo>
                    <StackTrace>
                        <![CDATA[
    at C:\Code\trx-reporter-for-playwright\playwright-tests\example.spec.ts:30:9]]>
                    </StackTrace>
                    <Message>
                        <![CDATA[Error: ]]>
                    </Message>
                </ErrorInfo>
            </Output>
        </UnitTestResult>
        <UnitTestResult testName="trx-retry-when-failed" testType="13cdc9d9-ddb5-4fa4-a97d-d965ccfc6d4b"
            testId="f1fbf9d4-af2b-5277-b100-558d02b71af2" testListId="8c84fa94-04c1-424b-9868-57a2d4851a1d"
            computerName="LAPTOP-K2EK61Q7" executionId="2b1853cc-4704-4389-9b06-70e4038bd5be" outcome="Failed"
            startTime="2023-01-26T15:16:32.404Z" endTime="2023-01-26T15:16:32.729Z" duration="00:00:00.325">
            <Output>
                <ErrorInfo>
                    <StackTrace>
                        <![CDATA[
    at C:\Code\trx-reporter-for-playwright\playwright-tests\example.spec.ts:35:11]]>
                    </StackTrace>
                    <Message>
                        <![CDATA[Error: ]]>
                    </Message>
                </ErrorInfo>
            </Output>
            <ResultFiles>
                <ResultFile
                    path="C:\Code\trx-reporter-for-playwright\test-results\example-trx-retry-when-failed-chromium\video.webm" />
                <ResultFile
                    path="C:\Code\trx-reporter-for-playwright\test-results\example-trx-retry-when-failed-chromium\trace.zip" />
                <ResultFile
                    path="C:\Code\trx-reporter-for-playwright\test-results\example-trx-retry-when-failed-chromium\test-failed-1.png" />
            </ResultFiles>
        </UnitTestResult>
        <UnitTestResult testName="trx-retry-when-failed" testType="13cdc9d9-ddb5-4fa4-a97d-d965ccfc6d4b"
            testId="f1fbf9d4-af2b-5277-b100-558d02b71af2" testListId="8c84fa94-04c1-424b-9868-57a2d4851a1d"
            computerName="LAPTOP-K2EK61Q7" executionId="c3febd12-1acc-4cd3-adf0-88b399dafb13" outcome="Passed"
            startTime="2023-01-26T15:16:33.350Z" endTime="2023-01-26T15:16:33.760Z" duration="00:00:00.410" />
        <UnitTestResult testName="trx-stdout" testType="13cdc9d9-ddb5-4fa4-a97d-d965ccfc6d4b"
            testId="18225929-31e3-52ff-a669-7df9fe804a08" testListId="8c84fa94-04c1-424b-9868-57a2d4851a1d"
            computerName="LAPTOP-K2EK61Q7" executionId="110c7160-75a7-423f-9c3f-9a597a25bbfb" outcome="Passed"
            startTime="2023-01-26T15:16:34.494Z" endTime="2023-01-26T15:16:34.796Z" duration="00:00:00.302">
            <Output>
                <StdOut>
                    <![CDATA[output to std out stream
]]>
                </StdOut>
            </Output>
        </UnitTestResult>
        <UnitTestResult testName="trx-stderr" testType="13cdc9d9-ddb5-4fa4-a97d-d965ccfc6d4b"
            testId="32bbf147-3f79-5604-b8d9-5fdd5f912808" testListId="8c84fa94-04c1-424b-9868-57a2d4851a1d"
            computerName="LAPTOP-K2EK61Q7" executionId="7c36d9c8-e91f-4aa5-b02c-9d964bbef90d" outcome="Passed"
            startTime="2023-01-26T15:16:34.798Z" endTime="2023-01-26T15:16:35.082Z" duration="00:00:00.284">
            <Output>
                <StdErr>
                    <![CDATA[output to std err stream
]]>
                </StdErr>
            </Output>
        </UnitTestResult>
        <UnitTestResult testName="trx-attachment-text" testType="13cdc9d9-ddb5-4fa4-a97d-d965ccfc6d4b"
            testId="c95cc757-d94d-5cb4-bd6e-c794d1e4624e" testListId="8c84fa94-04c1-424b-9868-57a2d4851a1d"
            computerName="LAPTOP-K2EK61Q7" executionId="791a1bbd-283b-45a9-83bb-5a25cd0bf0f7" outcome="Passed"
            startTime="2023-01-26T15:16:35.084Z" endTime="2023-01-26T15:16:35.349Z" duration="00:00:00.265">
            <ResultFiles>
                <ResultFile
                    path="C:\Code\trx-reporter-for-playwright\test-results\example-trx-attachment-text-chromium\attachments\d1acfa6312f42e80e95cf958223fc9a597628d00.txt" />
            </ResultFiles>
        </UnitTestResult>
        <UnitTestResult testName="trx-attachment-png" testType="13cdc9d9-ddb5-4fa4-a97d-d965ccfc6d4b"
            testId="c0e565df-9e66-570f-8028-927454205bcd" testListId="8c84fa94-04c1-424b-9868-57a2d4851a1d"
            computerName="LAPTOP-K2EK61Q7" executionId="ed04fadd-d060-4069-88ff-4a1a4ca02b13" outcome="Passed"
            startTime="2023-01-26T15:16:35.352Z" endTime="2023-01-26T15:16:35.636Z" duration="00:00:00.284">
            <ResultFiles>
                <ResultFile
                    path="C:\Code\trx-reporter-for-playwright\test-results\example-trx-attachment-png-chromium\attachments\27d28f0ecc04dc78df90877641490bf7b6fae518.png" />
            </ResultFiles>
        </UnitTestResult>
        <UnitTestResult testName="auto" testType="13cdc9d9-ddb5-4fa4-a97d-d965ccfc6d4b"
            testId="2c91d602-0f17-5c1e-9936-9b0ef9c51917" testListId="8c84fa94-04c1-424b-9868-57a2d4851a1d"
            computerName="LAPTOP-K2EK61Q7" executionId="725bbe7d-c918-4c97-8829-430ab410449c" outcome="Passed"
            startTime="2023-01-26T15:16:35.638Z" endTime="2023-01-26T15:16:35.639Z" duration="00:00:00.001" />
    </Results>
    <ResultSummary outcome="Passed">
        <Counters total="10" error="0" failed="2" timeout="0" aborted="0" inconclusive="0" passedButRunAborted="0"
            notRunnable="0" notExecuted="0" executed="10" disconnected="0" warning="0" passed="8" completed="0"
            inProgress="0" pending="0" />
    </ResultSummary>
</TestRun>