<TestRun id="c15ae9c3-0701-45b3-ac89-297bd27885a2" name="LAPTOP-K2EK61Q7\songgao 2023-01-26T14:33:47.760Z" runUser="LAPTOP-K2EK61Q7\songgao" xmlns="http://microsoft.com/schemas/VisualStudio/TeamTest/2010">
<TestDefinitions>
<UnitTest id="9d791c3d-6695-5db3-a9b4-a3b0c6eed934" name="trx-owner" storage="C:\Code\trx-reporter-for-playwright\tests\example.spec.ts">
<Owners>
<Owner name="Song Gao"/>
</Owners>
<TestMethod className="chromium &gt; example.spec.ts" codeBase="C:\Code\trx-reporter-for-playwright\tests\example.spec.ts" name="trx-owner"/>
</UnitTest>
<UnitTest id="04568db8-8468-57c2-9447-9f9bfec179a5" name="trx-priority" priority="1" storage="C:\Code\trx-reporter-for-playwright\tests\example.spec.ts">
<TestMethod className="chromium &gt; example.spec.ts" codeBase="C:\Code\trx-reporter-for-playwright\tests\example.spec.ts" name="trx-priority"/>
</UnitTest>
<UnitTest id="01ce8f93-9bd0-5008-82dc-83ea6db527b7" name="trx-exception" storage="C:\Code\trx-reporter-for-playwright\tests\example.spec.ts">
<TestMethod className="chromium &gt; example.spec.ts" codeBase="C:\Code\trx-reporter-for-playwright\tests\example.spec.ts" name="trx-exception"/>
</UnitTest>
<UnitTest id="f1fbf9d4-af2b-5277-b100-558d02b71af2" name="trx-retry-when-failed" storage="C:\Code\trx-reporter-for-playwright\tests\example.spec.ts">
<TestMethod className="chromium &gt; example.spec.ts" codeBase="C:\Code\trx-reporter-for-playwright\tests\example.spec.ts" name="trx-retry-when-failed"/>
</UnitTest>
<UnitTest id="18225929-31e3-52ff-a669-7df9fe804a08" name="trx-stdout" storage="C:\Code\trx-reporter-for-playwright\tests\example.spec.ts">
<TestMethod className="chromium &gt; example.spec.ts" codeBase="C:\Code\trx-reporter-for-playwright\tests\example.spec.ts" name="trx-stdout"/>
</UnitTest>
<UnitTest id="32bbf147-3f79-5604-b8d9-5fdd5f912808" name="trx-stderr" storage="C:\Code\trx-reporter-for-playwright\tests\example.spec.ts">
<TestMethod className="chromium &gt; example.spec.ts" codeBase="C:\Code\trx-reporter-for-playwright\tests\example.spec.ts" name="trx-stderr"/>
</UnitTest>
<UnitTest id="c95cc757-d94d-5cb4-bd6e-c794d1e4624e" name="trx-attachment-text" storage="C:\Code\trx-reporter-for-playwright\tests\example.spec.ts">
<TestMethod className="chromium &gt; example.spec.ts" codeBase="C:\Code\trx-reporter-for-playwright\tests\example.spec.ts" name="trx-attachment-text"/>
</UnitTest>
<UnitTest id="c0e565df-9e66-570f-8028-927454205bcd" name="trx-attachment-png" storage="C:\Code\trx-reporter-for-playwright\tests\example.spec.ts">
<TestMethod className="chromium &gt; example.spec.ts" codeBase="C:\Code\trx-reporter-for-playwright\tests\example.spec.ts" name="trx-attachment-png"/>
</UnitTest>
<UnitTest id="2c91d602-0f17-5c1e-9936-9b0ef9c51917" name="auto" priority="5" storage="C:\Code\trx-reporter-for-playwright\tests\example.spec.ts">
<Owners>
<Owner name="Someone"/>
</Owners>
<TestMethod className="chromium &gt; example.spec.ts" codeBase="C:\Code\trx-reporter-for-playwright\tests\example.spec.ts" name="auto"/>
</UnitTest>
</TestDefinitions>
<TestLists>
<TestList id="8c84fa94-04c1-424b-9868-57a2d4851a1d" name="Results Not in a List"/>
<TestList id="19431567-8539-422a-85d7-44ee4e166bda" name="All Loaded Results"/>
</TestLists>
<TestEntries>
<TestEntry testId="9d791c3d-6695-5db3-a9b4-a3b0c6eed934" executionId="da66cb6e-2691-4835-86d0-dce9cb532e48" testListId="8c84fa94-04c1-424b-9868-57a2d4851a1d"/>
<TestEntry testId="04568db8-8468-57c2-9447-9f9bfec179a5" executionId="be17a14d-8906-4efc-84b8-205cfe7f304c" testListId="8c84fa94-04c1-424b-9868-57a2d4851a1d"/>
<TestEntry testId="01ce8f93-9bd0-5008-82dc-83ea6db527b7" executionId="4b524325-78a2-485b-9a96-32a462fe0e95" testListId="8c84fa94-04c1-424b-9868-57a2d4851a1d"/>
<TestEntry testId="f1fbf9d4-af2b-5277-b100-558d02b71af2" executionId="eb7f9162-0eff-44b9-83d4-0c17572b52bf" testListId="8c84fa94-04c1-424b-9868-57a2d4851a1d"/>
<TestEntry testId="f1fbf9d4-af2b-5277-b100-558d02b71af2" executionId="87e9483a-b174-4d07-9afe-de52f7767c55" testListId="8c84fa94-04c1-424b-9868-57a2d4851a1d"/>
<TestEntry testId="18225929-31e3-52ff-a669-7df9fe804a08" executionId="93d78294-edd4-49db-9ea9-9d563f6eb851" testListId="8c84fa94-04c1-424b-9868-57a2d4851a1d"/>
<TestEntry testId="32bbf147-3f79-5604-b8d9-5fdd5f912808" executionId="dcdda477-5543-4ade-b0c2-fc71de9ad957" testListId="8c84fa94-04c1-424b-9868-57a2d4851a1d"/>
<TestEntry testId="c95cc757-d94d-5cb4-bd6e-c794d1e4624e" executionId="1d151a40-495b-4f95-bb0e-24cdc8f4d946" testListId="8c84fa94-04c1-424b-9868-57a2d4851a1d"/>
<TestEntry testId="c0e565df-9e66-570f-8028-927454205bcd" executionId="97e4ea2c-2abf-49c2-b0f0-871db9162b24" testListId="8c84fa94-04c1-424b-9868-57a2d4851a1d"/>
<TestEntry testId="2c91d602-0f17-5c1e-9936-9b0ef9c51917" executionId="c210137b-7be2-44a4-be12-9fd7a86ee97e" testListId="8c84fa94-04c1-424b-9868-57a2d4851a1d"/>
</TestEntries>
<Times creation="2023-01-26T14:33:47.760Z" finish="2023-01-26T14:33:54.957Z"/>
<Results>
<UnitTestResult testName="trx-owner" testType="13cdc9d9-ddb5-4fa4-a97d-d965ccfc6d4b" testId="9d791c3d-6695-5db3-a9b4-a3b0c6eed934" testListId="8c84fa94-04c1-424b-9868-57a2d4851a1d" computerName="LAPTOP-K2EK61Q7" executionId="da66cb6e-2691-4835-86d0-dce9cb532e48" outcome="Passed" startTime="2023-01-26T14:33:48.396Z" endTime="2023-01-26T14:33:49.042Z" duration="00:00:00.646"/>
<UnitTestResult testName="trx-priority" testType="13cdc9d9-ddb5-4fa4-a97d-d965ccfc6d4b" testId="04568db8-8468-57c2-9447-9f9bfec179a5" testListId="8c84fa94-04c1-424b-9868-57a2d4851a1d" computerName="LAPTOP-K2EK61Q7" executionId="be17a14d-8906-4efc-84b8-205cfe7f304c" outcome="Passed" startTime="2023-01-26T14:33:50.364Z" endTime="2023-01-26T14:33:50.781Z" duration="00:00:00.417"/>
<UnitTestResult testName="trx-exception" testType="13cdc9d9-ddb5-4fa4-a97d-d965ccfc6d4b" testId="01ce8f93-9bd0-5008-82dc-83ea6db527b7" testListId="8c84fa94-04c1-424b-9868-57a2d4851a1d" computerName="LAPTOP-K2EK61Q7" executionId="4b524325-78a2-485b-9a96-32a462fe0e95" outcome="Failed" startTime="2023-01-26T14:33:50.784Z" endTime="2023-01-26T14:33:51.158Z" duration="00:00:00.374">
<Output>
<ErrorInfo>
<StackTrace>
<![CDATA[
    at C:\Code\trx-reporter-for-playwright\tests\example.spec.ts:30:9]]>
</StackTrace>
<Message>
<![CDATA[Error: ]]>
</Message>
</ErrorInfo>
</Output>
</UnitTestResult>
<UnitTestResult testName="trx-retry-when-failed" testType="13cdc9d9-ddb5-4fa4-a97d-d965ccfc6d4b" testId="f1fbf9d4-af2b-5277-b100-558d02b71af2" testListId="8c84fa94-04c1-424b-9868-57a2d4851a1d" computerName="LAPTOP-K2EK61Q7" executionId="eb7f9162-0eff-44b9-83d4-0c17572b52bf" outcome="Failed" startTime="2023-01-26T14:33:51.160Z" endTime="2023-01-26T14:33:51.522Z" duration="00:00:00.362">
<Output>
<ErrorInfo>
<StackTrace>
<![CDATA[
    at C:\Code\trx-reporter-for-playwright\tests\example.spec.ts:35:11]]>
</StackTrace>
<Message>
<![CDATA[Error: ]]>
</Message>
</ErrorInfo>
</Output>
<ResultFiles>
<ResultFile path="C:\Code\trx-reporter-for-playwright\test-results\example-trx-retry-when-failed-chromium\video.webm"/>
<ResultFile path="C:\Code\trx-reporter-for-playwright\test-results\example-trx-retry-when-failed-chromium\trace.zip"/>
<ResultFile path="C:\Code\trx-reporter-for-playwright\test-results\example-trx-retry-when-failed-chromium\test-failed-1.png"/>
</ResultFiles>
</UnitTestResult>
<UnitTestResult testName="trx-retry-when-failed" testType="13cdc9d9-ddb5-4fa4-a97d-d965ccfc6d4b" testId="f1fbf9d4-af2b-5277-b100-558d02b71af2" testListId="8c84fa94-04c1-424b-9868-57a2d4851a1d" computerName="LAPTOP-K2EK61Q7" executionId="87e9483a-b174-4d07-9afe-de52f7767c55" outcome="Passed" startTime="2023-01-26T14:33:52.216Z" endTime="2023-01-26T14:33:52.663Z" duration="00:00:00.447"/>
<UnitTestResult testName="trx-stdout" testType="13cdc9d9-ddb5-4fa4-a97d-d965ccfc6d4b" testId="18225929-31e3-52ff-a669-7df9fe804a08" testListId="8c84fa94-04c1-424b-9868-57a2d4851a1d" computerName="LAPTOP-K2EK61Q7" executionId="93d78294-edd4-49db-9ea9-9d563f6eb851" outcome="Passed" startTime="2023-01-26T14:33:53.454Z" endTime="2023-01-26T14:33:53.746Z" duration="00:00:00.292">
<Output>
<StdOut>
<![CDATA[output to std out stream
]]>
</StdOut>
</Output>
</UnitTestResult>
<UnitTestResult testName="trx-stderr" testType="13cdc9d9-ddb5-4fa4-a97d-d965ccfc6d4b" testId="32bbf147-3f79-5604-b8d9-5fdd5f912808" testListId="8c84fa94-04c1-424b-9868-57a2d4851a1d" computerName="LAPTOP-K2EK61Q7" executionId="dcdda477-5543-4ade-b0c2-fc71de9ad957" outcome="Passed" startTime="2023-01-26T14:33:53.749Z" endTime="2023-01-26T14:33:54.054Z" duration="00:00:00.305">
<Output>
<StdErr>
<![CDATA[output to std err stream
]]>
</StdErr>
</Output>
</UnitTestResult>
<UnitTestResult testName="trx-attachment-text" testType="13cdc9d9-ddb5-4fa4-a97d-d965ccfc6d4b" testId="c95cc757-d94d-5cb4-bd6e-c794d1e4624e" testListId="8c84fa94-04c1-424b-9868-57a2d4851a1d" computerName="LAPTOP-K2EK61Q7" executionId="1d151a40-495b-4f95-bb0e-24cdc8f4d946" outcome="Passed" startTime="2023-01-26T14:33:54.056Z" endTime="2023-01-26T14:33:54.420Z" duration="00:00:00.364">
<ResultFiles>
<ResultFile path="C:\Code\trx-reporter-for-playwright\test-results\example-trx-attachment-text-chromium\attachments\d1acfa6312f42e80e95cf958223fc9a597628d00.txt"/>
</ResultFiles>
</UnitTestResult>
<UnitTestResult testName="trx-attachment-png" testType="13cdc9d9-ddb5-4fa4-a97d-d965ccfc6d4b" testId="c0e565df-9e66-570f-8028-927454205bcd" testListId="8c84fa94-04c1-424b-9868-57a2d4851a1d" computerName="LAPTOP-K2EK61Q7" executionId="97e4ea2c-2abf-49c2-b0f0-871db9162b24" outcome="Passed" startTime="2023-01-26T14:33:54.421Z" endTime="2023-01-26T14:33:54.743Z" duration="00:00:00.322">
<ResultFiles>
<ResultFile path="C:\Code\trx-reporter-for-playwright\test-results\example-trx-attachment-png-chromium\attachments\27d28f0ecc04dc78df90877641490bf7b6fae518.png"/>
</ResultFiles>
</UnitTestResult>
<UnitTestResult testName="auto" testType="13cdc9d9-ddb5-4fa4-a97d-d965ccfc6d4b" testId="2c91d602-0f17-5c1e-9936-9b0ef9c51917" testListId="8c84fa94-04c1-424b-9868-57a2d4851a1d" computerName="LAPTOP-K2EK61Q7" executionId="c210137b-7be2-44a4-be12-9fd7a86ee97e" outcome="Passed" startTime="2023-01-26T14:33:54.745Z" endTime="2023-01-26T14:33:54.746Z" duration="00:00:00.001"/>
</Results>
<ResultSummary outcome="Passed">
<Counters total="10" error="0" failed="2" timeout="0" aborted="0" inconclusive="0" passedButRunAborted="0" notRunnable="0" notExecuted="0" executed="10" disconnected="0" warning="0" passed="8" completed="0" inProgress="0" pending="0"/>
</ResultSummary>
</TestRun>