<?xml version="1.0" encoding="utf-8"?>
<TestRun id="308966c3-ef8e-43de-b1f3-437deaea1b0b" name="VssAdministrator@WIN-FDG5J70I9UI 2023-02-01 10:16:18" runUser="WIN-FDG5J70I9UI\VssAdministrator" xmlns="http://microsoft.com/schemas/VisualStudio/TeamTest/2010">
  <Times creation="2023-02-01T10:16:18.1018433+00:00" queuing="2023-02-01T10:16:18.1018433+00:00" start="2023-02-01T10:16:15.3205473+00:00" finish="2023-02-01T10:16:18.1802273+00:00" />
  <TestSettings name="default" id="528d671d-e848-471d-96fc-7b3f265d33cc">
    <Deployment runDeploymentRoot="VssAdministrator_WIN-FDG5J70I9UI_2023-02-01_10_16_18" />
  </TestSettings>
  <Results>
    <UnitTestResult executionId="65356aa3-e871-40c0-a430-ef16dd79a664" testId="6050289a-fcc7-42b8-5227-afb8aded63ed" testName="XunitTestExample.UnitTest1.FailCase1" computerName="WIN-FDG5J70I9UI" duration="00:00:00.0006037" startTime="2023-02-01T10:16:17.8635903+00:00" endTime="2023-02-01T10:16:17.8635906+00:00" testType="13cdc9d9-ddb5-4fa4-a97d-d965ccfc6d4b" outcome="Failed" testListId="8c84fa94-04c1-424b-9868-57a2d4851a1d" relativeResultsDirectory="65356aa3-e871-40c0-a430-ef16dd79a664">
      <Output>
        <ErrorInfo>
          <Message>System.NotImplementedException : Fail case 1</Message>
          <StackTrace>   at XunitTestExample.UnitTest1.FailCase1() in D:\a\1\s\XunitTestExample\UnitTest1.cs:line 42</StackTrace>
        </ErrorInfo>
      </Output>
    </UnitTestResult>
    <UnitTestResult executionId="27e77ba9-58cf-4143-94aa-60148791dd2b" testId="1d7d330b-edd5-a417-d4d5-1e2a0309c689" testName="XunitTestExample.UnitTest1.FailCase2" computerName="WIN-FDG5J70I9UI" duration="00:00:00.0035457" startTime="2023-02-01T10:16:17.8314968+00:00" endTime="2023-02-01T10:16:17.8315325+00:00" testType="13cdc9d9-ddb5-4fa4-a97d-d965ccfc6d4b" outcome="Failed" testListId="8c84fa94-04c1-424b-9868-57a2d4851a1d" relativeResultsDirectory="27e77ba9-58cf-4143-94aa-60148791dd2b">
      <Output>
        <ErrorInfo>
          <Message>System.NotImplementedException : Fail case 2</Message>
          <StackTrace>   at XunitTestExample.UnitTest1.FailCase2() in D:\a\1\s\XunitTestExample\UnitTest1.cs:line 48</StackTrace>
        </ErrorInfo>
      </Output>
    </UnitTestResult>
  </Results>
  <TestDefinitions>
    <UnitTest name="XunitTestExample.UnitTest1.FailCase1" storage="d:\a\1\s\xunittestexample\bin\release\net6.0\xunittestexample.dll" id="6050289a-fcc7-42b8-5227-afb8aded63ed">
      <Execution id="65356aa3-e871-40c0-a430-ef16dd79a664" />
      <TestMethod codeBase="D:\a\1\s\XunitTestExample\bin\Release\net6.0\XunitTestExample.dll" adapterTypeName="executor://xunit/VsTestRunner2/netcoreapp" className="XunitTestExample.UnitTest1" name="FailCase1" />
    </UnitTest>
    <UnitTest name="XunitTestExample.UnitTest1.FailCase2" storage="d:\a\1\s\xunittestexample\bin\release\net6.0\xunittestexample.dll" id="1d7d330b-edd5-a417-d4d5-1e2a0309c689">
      <Execution id="27e77ba9-58cf-4143-94aa-60148791dd2b" />
      <TestMethod codeBase="D:\a\1\s\XunitTestExample\bin\Release\net6.0\XunitTestExample.dll" adapterTypeName="executor://xunit/VsTestRunner2/netcoreapp" className="XunitTestExample.UnitTest1" name="FailCase2" />
    </UnitTest>
  </TestDefinitions>
  <TestEntries>
    <TestEntry testId="6050289a-fcc7-42b8-5227-afb8aded63ed" executionId="65356aa3-e871-40c0-a430-ef16dd79a664" testListId="8c84fa94-04c1-424b-9868-57a2d4851a1d" />
    <TestEntry testId="1d7d330b-edd5-a417-d4d5-1e2a0309c689" executionId="27e77ba9-58cf-4143-94aa-60148791dd2b" testListId="8c84fa94-04c1-424b-9868-57a2d4851a1d" />
  </TestEntries>
  <TestLists>
    <TestList name="Results Not in a List" id="8c84fa94-04c1-424b-9868-57a2d4851a1d" />
    <TestList name="All Loaded Results" id="19431567-8539-422a-85d7-44ee4e166bda" />
  </TestLists>
  <ResultSummary outcome="Failed">
    <Counters total="2" executed="2" passed="0" failed="2" error="0" timeout="0" aborted="0" inconclusive="0" passedButRunAborted="0" notRunnable="0" notExecuted="0" disconnected="0" warning="0" completed="0" inProgress="0" pending="0" />
    <Output>
      <StdOut>[xUnit.net 00:00:00.00] xUnit.net VSTest Adapter v2.4.3+1b45f5407b (64-bit .NET 6.0.13)&#xD;
[xUnit.net 00:00:00.64]   Starting:    XunitTestExample&#xD;
[xUnit.net 00:00:00.79]       System.NotImplementedException : Fail case 2&#xD;
[xUnit.net 00:00:00.79]       Stack Trace:&#xD;
[xUnit.net 00:00:00.79]         D:\a\1\s\XunitTestExample\UnitTest1.cs(48,0): at XunitTestExample.UnitTest1.FailCase2()&#xD;
[xUnit.net 00:00:00.82]       System.NotImplementedException : Fail case 1&#xD;
[xUnit.net 00:00:00.82]       Stack Trace:&#xD;
[xUnit.net 00:00:00.82]         D:\a\1\s\XunitTestExample\UnitTest1.cs(42,0): at XunitTestExample.UnitTest1.FailCase1()&#xD;
[xUnit.net 00:00:00.83]   Finished:    XunitTestExample&#xD;
</StdOut>
    </Output>
    <RunInfos>
      <RunInfo computerName="WIN-FDG5J70I9UI" outcome="Error" timestamp="2023-02-01T10:16:17.8205783+00:00">
        <Text>[xUnit.net 00:00:00.78]     XunitTestExample.UnitTest1.FailCase2 [FAIL]</Text>
      </RunInfo>
      <RunInfo computerName="WIN-FDG5J70I9UI" outcome="Error" timestamp="2023-02-01T10:16:17.8518921+00:00">
        <Text>[xUnit.net 00:00:00.82]     XunitTestExample.UnitTest1.FailCase1 [FAIL]</Text>
      </RunInfo>
    </RunInfos>
  </ResultSummary>
</TestRun>