<?xml version="1.0" encoding="utf-8"?>
<TestRun id="38dfb0ef-23c8-45d3-8fac-4b12b9bac2dd" name="VssAdministrator@WIN-FDG5J70I9UI 2023-02-01 10:16:37" runUser="WIN-FDG5J70I9UI\VssAdministrator" xmlns="http://microsoft.com/schemas/VisualStudio/TeamTest/2010">
  <Times creation="2023-02-01T10:16:37.4198796+00:00" queuing="2023-02-01T10:16:37.4198796+00:00" start="2023-02-01T10:16:34.8418153+00:00" finish="2023-02-01T10:16:37.5136148+00:00" />
  <TestSettings name="default" id="65a26c84-8e12-4b78-a71c-d508ce772a37">
    <Deployment runDeploymentRoot="VssAdministrator_WIN-FDG5J70I9UI_2023-02-01_10_16_37" />
  </TestSettings>
  <Results>
    <UnitTestResult executionId="e3a160f5-9382-4759-93b6-a5ac75d3bda3" testId="1d7d330b-edd5-a417-d4d5-1e2a0309c689" testName="XunitTestExample.UnitTest1.FailCase2" computerName="WIN-FDG5J70I9UI" duration="00:00:00.0032115" startTime="2023-02-01T10:16:37.1427891+00:00" endTime="2023-02-01T10:16:37.1428224+00:00" testType="13cdc9d9-ddb5-4fa4-a97d-d965ccfc6d4b" outcome="Failed" testListId="8c84fa94-04c1-424b-9868-57a2d4851a1d" relativeResultsDirectory="e3a160f5-9382-4759-93b6-a5ac75d3bda3">
      <Output>
        <ErrorInfo>
          <Message>System.NotImplementedException : Fail case 2</Message>
          <StackTrace>   at XunitTestExample.UnitTest1.FailCase2() in D:\a\1\s\XunitTestExample\UnitTest1.cs:line 48</StackTrace>
        </ErrorInfo>
      </Output>
    </UnitTestResult>
    <UnitTestResult executionId="27b83b21-641d-4e1d-940c-8a33b9631199" testId="6050289a-fcc7-42b8-5227-afb8aded63ed" testName="XunitTestExample.UnitTest1.FailCase1" computerName="WIN-FDG5J70I9UI" duration="00:00:00.0004044" startTime="2023-02-01T10:16:37.1714317+00:00" endTime="2023-02-01T10:16:37.1714321+00:00" testType="13cdc9d9-ddb5-4fa4-a97d-d965ccfc6d4b" outcome="Failed" testListId="8c84fa94-04c1-424b-9868-57a2d4851a1d" relativeResultsDirectory="27b83b21-641d-4e1d-940c-8a33b9631199">
      <Output>
        <ErrorInfo>
          <Message>System.NotImplementedException : Fail case 1</Message>
          <StackTrace>   at XunitTestExample.UnitTest1.FailCase1() in D:\a\1\s\XunitTestExample\UnitTest1.cs:line 42</StackTrace>
        </ErrorInfo>
      </Output>
    </UnitTestResult>
  </Results>
  <TestDefinitions>
    <UnitTest name="XunitTestExample.UnitTest1.FailCase1" storage="d:\a\1\s\xunittestexample\bin\release\net6.0\xunittestexample.dll" id="6050289a-fcc7-42b8-5227-afb8aded63ed">
      <Execution id="27b83b21-641d-4e1d-940c-8a33b9631199" />
      <TestMethod codeBase="D:\a\1\s\XunitTestExample\bin\Release\net6.0\XunitTestExample.dll" adapterTypeName="executor://xunit/VsTestRunner2/netcoreapp" className="XunitTestExample.UnitTest1" name="FailCase1" />
    </UnitTest>
    <UnitTest name="XunitTestExample.UnitTest1.FailCase2" storage="d:\a\1\s\xunittestexample\bin\release\net6.0\xunittestexample.dll" id="1d7d330b-edd5-a417-d4d5-1e2a0309c689">
      <Execution id="e3a160f5-9382-4759-93b6-a5ac75d3bda3" />
      <TestMethod codeBase="D:\a\1\s\XunitTestExample\bin\Release\net6.0\XunitTestExample.dll" adapterTypeName="executor://xunit/VsTestRunner2/netcoreapp" className="XunitTestExample.UnitTest1" name="FailCase2" />
    </UnitTest>
  </TestDefinitions>
  <TestEntries>
    <TestEntry testId="1d7d330b-edd5-a417-d4d5-1e2a0309c689" executionId="e3a160f5-9382-4759-93b6-a5ac75d3bda3" testListId="8c84fa94-04c1-424b-9868-57a2d4851a1d" />
    <TestEntry testId="6050289a-fcc7-42b8-5227-afb8aded63ed" executionId="27b83b21-641d-4e1d-940c-8a33b9631199" testListId="8c84fa94-04c1-424b-9868-57a2d4851a1d" />
  </TestEntries>
  <TestLists>
    <TestList name="Results Not in a List" id="8c84fa94-04c1-424b-9868-57a2d4851a1d" />
    <TestList name="All Loaded Results" id="19431567-8539-422a-85d7-44ee4e166bda" />
  </TestLists>
  <ResultSummary outcome="Failed">
    <Counters total="2" executed="2" passed="0" failed="2" error="0" timeout="0" aborted="0" inconclusive="0" passedButRunAborted="0" notRunnable="0" notExecuted="0" disconnected="0" warning="0" completed="0" inProgress="0" pending="0" />
    <Output>
      <StdOut>[xUnit.net 00:00:00.00] xUnit.net VSTest Adapter v2.4.3+1b45f5407b (64-bit .NET 6.0.13)&#xD;
[xUnit.net 00:00:00.62]   Starting:    XunitTestExample&#xD;
[xUnit.net 00:00:00.75]       System.NotImplementedException : Fail case 2&#xD;
[xUnit.net 00:00:00.75]       Stack Trace:&#xD;
[xUnit.net 00:00:00.75]         D:\a\1\s\XunitTestExample\UnitTest1.cs(48,0): at XunitTestExample.UnitTest1.FailCase2()&#xD;
[xUnit.net 00:00:00.78]       System.NotImplementedException : Fail case 1&#xD;
[xUnit.net 00:00:00.78]       Stack Trace:&#xD;
[xUnit.net 00:00:00.78]         D:\a\1\s\XunitTestExample\UnitTest1.cs(42,0): at XunitTestExample.UnitTest1.FailCase1()&#xD;
[xUnit.net 00:00:00.79]   Finished:    XunitTestExample&#xD;
</StdOut>
    </Output>
    <RunInfos>
      <RunInfo computerName="WIN-FDG5J70I9UI" outcome="Error" timestamp="2023-02-01T10:16:37.1229954+00:00">
        <Text>[xUnit.net 00:00:00.75]     XunitTestExample.UnitTest1.FailCase2 [FAIL]</Text>
      </RunInfo>
      <RunInfo computerName="WIN-FDG5J70I9UI" outcome="Error" timestamp="2023-02-01T10:16:37.1700254+00:00">
        <Text>[xUnit.net 00:00:00.78]     XunitTestExample.UnitTest1.FailCase1 [FAIL]</Text>
      </RunInfo>
    </RunInfos>
  </ResultSummary>
</TestRun>