<TestRun id="edd7c99b-cc79-42f8-9c62-bc89fbcfae4c" name="MININT-JGGQRNR\songgao 2023-10-31T08:42:03.037Z" runUser="MININT-JGGQRNR\songgao" xmlns="http://microsoft.com/schemas/VisualStudio/TeamTest/2010">
<Times creation="2023-10-31T08:42:03.037Z" finish="2023-10-31T08:42:14.821Z"/>
<Results>
<UnitTestResult testName="chromium &gt; example.spec.ts &gt; trx-owner" testType="13cdc9d9-ddb5-4fa4-a97d-d965ccfc6d4b" testId="9d791c3d-6695-5db3-a9b4-a3b0c6eed934" testListId="8c84fa94-04c1-424b-9868-57a2d4851a1d" computerName="MININT-JGGQRNR" executionId="f0a19d43-7a2a-4788-83b8-5ef58a5b18e2" outcome="Passed" startTime="2023-10-31T08:42:03.728Z" endTime="2023-10-31T08:42:04.218Z" duration="00:00:00.490"/>
<UnitTestResult testName="chromium &gt; example.spec.ts &gt; trx-priority" testType="13cdc9d9-ddb5-4fa4-a97d-d965ccfc6d4b" testId="04568db8-8468-57c2-9447-9f9bfec179a5" testListId="8c84fa94-04c1-424b-9868-57a2d4851a1d" computerName="MININT-JGGQRNR" executionId="99432790-0ccf-42d8-b7d6-fa7536ed1b2b" outcome="Passed" startTime="2023-10-31T08:42:04.817Z" endTime="2023-10-31T08:42:05.126Z" duration="00:00:00.309"/>
<UnitTestResult testName="chromium &gt; example.spec.ts &gt; trx-exception" testType="13cdc9d9-ddb5-4fa4-a97d-d965ccfc6d4b" testId="01ce8f93-9bd0-5008-82dc-83ea6db527b7" testListId="8c84fa94-04c1-424b-9868-57a2d4851a1d" computerName="MININT-JGGQRNR" executionId="c18dd4c9-ab41-4434-9fb7-5f48c509d915" outcome="Failed" startTime="2023-10-31T08:42:05.128Z" endTime="2023-10-31T08:42:05.418Z" duration="00:00:00.290">
<Output>
<ErrorInfo>
<Message>
<![CDATA[Error: Error message from 'trx-exception']]>
</Message>
<StackTrace>
<![CDATA[
    at D:\MyRepo\trx-reporter-for-playwright\playwright-tests\example.spec.ts:30:9]]>
</StackTrace>
</ErrorInfo>
</Output>
</UnitTestResult>
<UnitTestResult testName="chromium &gt; example.spec.ts &gt; trx-retry-when-failed" testType="13cdc9d9-ddb5-4fa4-a97d-d965ccfc6d4b" testId="f1fbf9d4-af2b-5277-b100-558d02b71af2" testListId="8c84fa94-04c1-424b-9868-57a2d4851a1d" computerName="MININT-JGGQRNR" executionId="87aa7170-b284-423e-b177-a4880d598683" outcome="Failed" startTime="2023-10-31T08:42:05.419Z" endTime="2023-10-31T08:42:05.747Z" duration="00:00:00.328">
<Output>
<ErrorInfo>
<Message>
<![CDATA[Error: ]]>
</Message>
<StackTrace>
<![CDATA[
    at D:\MyRepo\trx-reporter-for-playwright\playwright-tests\example.spec.ts:35:11]]>
</StackTrace>
</ErrorInfo>
</Output>
<ResultFiles>
<ResultFile path="D:\MyRepo\trx-reporter-for-playwright\test-results\example-trx-retry-when-failed-chromium\video.webm"/>
<ResultFile path="D:\MyRepo\trx-reporter-for-playwright\test-results\example-trx-retry-when-failed-chromium\trace.zip"/>
<ResultFile path="D:\MyRepo\trx-reporter-for-playwright\test-results\example-trx-retry-when-failed-chromium\test-failed-1.png"/>
</ResultFiles>
</UnitTestResult>
<UnitTestResult testName="chromium &gt; example.spec.ts &gt; trx-retry-when-failed" testType="13cdc9d9-ddb5-4fa4-a97d-d965ccfc6d4b" testId="f1fbf9d4-af2b-5277-b100-558d02b71af2" testListId="8c84fa94-04c1-424b-9868-57a2d4851a1d" computerName="MININT-JGGQRNR" executionId="926284b4-5f0a-47f1-9002-480abb2f4d3d" outcome="Passed" startTime="2023-10-31T08:42:06.372Z" endTime="2023-10-31T08:42:06.783Z" duration="00:00:00.411"/>
<UnitTestResult testName="chromium &gt; example.spec.ts &gt; trx-stdout" testType="13cdc9d9-ddb5-4fa4-a97d-d965ccfc6d4b" testId="18225929-31e3-52ff-a669-7df9fe804a08" testListId="8c84fa94-04c1-424b-9868-57a2d4851a1d" computerName="MININT-JGGQRNR" executionId="1969a58b-b946-492a-9d92-cb3f4c273130" outcome="Passed" startTime="2023-10-31T08:42:07.498Z" endTime="2023-10-31T08:42:07.815Z" duration="00:00:00.317">
<Output>
<StdOut>
<![CDATA[output to std out stream
]]>
</StdOut>
</Output>
</UnitTestResult>
<UnitTestResult testName="chromium &gt; example.spec.ts &gt; trx-stderr" testType="13cdc9d9-ddb5-4fa4-a97d-d965ccfc6d4b" testId="32bbf147-3f79-5604-b8d9-5fdd5f912808" testListId="8c84fa94-04c1-424b-9868-57a2d4851a1d" computerName="MININT-JGGQRNR" executionId="827c9b18-40aa-4b53-9fcd-04e43b6b4fc6" outcome="NotExecuted" startTime="2023-10-31T08:42:07.817Z" endTime="2023-10-31T08:42:07.817Z" duration="00:00:00.000"/>
<UnitTestResult testName="chromium &gt; example.spec.ts &gt; trx-attachment-text" testType="13cdc9d9-ddb5-4fa4-a97d-d965ccfc6d4b" testId="c95cc757-d94d-5cb4-bd6e-c794d1e4624e" testListId="8c84fa94-04c1-424b-9868-57a2d4851a1d" computerName="MININT-JGGQRNR" executionId="070aa7e3-e5ab-45b5-8fcb-1834d6d947a4" outcome="Passed" startTime="2023-10-31T08:42:07.818Z" endTime="2023-10-31T08:42:08.129Z" duration="00:00:00.311">
<ResultFiles>
<ResultFile path="D:\MyRepo\trx-reporter-for-playwright\test-results\example-trx-attachment-text-chromium\attachments\text-attachment-d1acfa6312f42e80e95cf958223fc9a597628d00.txt"/>
</ResultFiles>
</UnitTestResult>
<UnitTestResult testName="chromium &gt; example.spec.ts &gt; trx-attachment-png" testType="13cdc9d9-ddb5-4fa4-a97d-d965ccfc6d4b" testId="c0e565df-9e66-570f-8028-927454205bcd" testListId="8c84fa94-04c1-424b-9868-57a2d4851a1d" computerName="MININT-JGGQRNR" executionId="5cee61e5-0fec-483a-9f5b-0d6040d092e8" outcome="Passed" startTime="2023-10-31T08:42:08.130Z" endTime="2023-10-31T08:42:08.476Z" duration="00:00:00.346">
<ResultFiles>
<ResultFile path="D:\MyRepo\trx-reporter-for-playwright\test-results\example-trx-attachment-png-chromium\attachments\text-attachment-27d28f0ecc04dc78df90877641490bf7b6fae518.png"/>
</ResultFiles>
</UnitTestResult>
<UnitTestResult testName="chromium &gt; example.spec.ts &gt; trx-out-of-time" testType="13cdc9d9-ddb5-4fa4-a97d-d965ccfc6d4b" testId="81fa697e-f6ee-5542-b2f8-c13837512c20" testListId="8c84fa94-04c1-424b-9868-57a2d4851a1d" computerName="MININT-JGGQRNR" executionId="ad507cd9-fa86-4c58-a920-ab7c20da68e3" outcome="Timeout" startTime="2023-10-31T08:42:08.477Z" endTime="2023-10-31T08:42:08.681Z" duration="00:00:00.204">
<Output>
<StdOut>
<![CDATA[[out-of-time]: log
]]>
</StdOut>
<StdErr>
<![CDATA[[out-of-time]: error
]]>
</StdErr>
</Output>
<ResultFiles>
<ResultFile path="D:\MyRepo\trx-reporter-for-playwright\test-results\example-trx-out-of-time-chromium\video.webm"/>
<ResultFile path="D:\MyRepo\trx-reporter-for-playwright\test-results\example-trx-out-of-time-chromium\trace.zip"/>
<ResultFile path="D:\MyRepo\trx-reporter-for-playwright\test-results\example-trx-out-of-time-chromium\test-failed-1.png"/>
</ResultFiles>
</UnitTestResult>
<UnitTestResult testName="chromium &gt; example.spec.ts &gt; trx-out-of-time" testType="13cdc9d9-ddb5-4fa4-a97d-d965ccfc6d4b" testId="81fa697e-f6ee-5542-b2f8-c13837512c20" testListId="8c84fa94-04c1-424b-9868-57a2d4851a1d" computerName="MININT-JGGQRNR" executionId="833ddc49-12ce-45f3-bcfc-a77b52910a01" outcome="Timeout" startTime="2023-10-31T08:42:09.476Z" endTime="2023-10-31T08:42:09.722Z" duration="00:00:00.246">
<Output>
<StdOut>
<![CDATA[[out-of-time]: log
]]>
</StdOut>
<StdErr>
<![CDATA[[out-of-time]: error
]]>
</StdErr>
</Output>
<ResultFiles>
<ResultFile path="D:\MyRepo\trx-reporter-for-playwright\test-results\example-trx-out-of-time-chromium-retry1\video.webm"/>
<ResultFile path="D:\MyRepo\trx-reporter-for-playwright\test-results\example-trx-out-of-time-chromium-retry1\trace.zip"/>
<ResultFile path="D:\MyRepo\trx-reporter-for-playwright\test-results\example-trx-out-of-time-chromium-retry1\test-failed-1.png"/>
</ResultFiles>
</UnitTestResult>
<UnitTestResult testName="chromium &gt; example.spec.ts &gt; trx-out-of-time-with-web" testType="13cdc9d9-ddb5-4fa4-a97d-d965ccfc6d4b" testId="490d4ceb-6fed-5415-ba29-85d07d42ba27" testListId="8c84fa94-04c1-424b-9868-57a2d4851a1d" computerName="MININT-JGGQRNR" executionId="ccd52b32-d20c-4906-abce-bd53a5fbd35c" outcome="Failed" startTime="2023-10-31T08:42:11.254Z" endTime="2023-10-31T08:42:11.732Z" duration="00:00:00.478">
<Output>
<ErrorInfo>
<Message>
<![CDATA[page.goto: Protocol error (Page.navigate): Cannot navigate to invalid URL
=========================== logs ===========================
navigating to "www.baidu.com", waiting until "load"
============================================================]]>
</Message>
<StackTrace>
<![CDATA[
    at D:\MyRepo\trx-reporter-for-playwright\playwright-tests\example.spec.ts:68:14]]>
</StackTrace>
</ErrorInfo>
</Output>
<ResultFiles>
<ResultFile path="D:\MyRepo\trx-reporter-for-playwright\test-results\example-trx-out-of-time-with-web-chromium\video.webm"/>
<ResultFile path="D:\MyRepo\trx-reporter-for-playwright\test-results\example-trx-out-of-time-with-web-chromium\trace.zip"/>
<ResultFile path="D:\MyRepo\trx-reporter-for-playwright\test-results\example-trx-out-of-time-with-web-chromium\test-failed-1.png"/>
</ResultFiles>
</UnitTestResult>
<UnitTestResult testName="chromium &gt; example.spec.ts &gt; trx-out-of-time-with-web" testType="13cdc9d9-ddb5-4fa4-a97d-d965ccfc6d4b" testId="490d4ceb-6fed-5415-ba29-85d07d42ba27" testListId="8c84fa94-04c1-424b-9868-57a2d4851a1d" computerName="MININT-JGGQRNR" executionId="cb2a30c0-1105-408b-a2bc-fe7d57f45969" outcome="Failed" startTime="2023-10-31T08:42:13.116Z" endTime="2023-10-31T08:42:13.543Z" duration="00:00:00.427">
<Output>
<ErrorInfo>
<Message>
<![CDATA[page.goto: Protocol error (Page.navigate): Cannot navigate to invalid URL
=========================== logs ===========================
navigating to "www.baidu.com", waiting until "load"
============================================================]]>
</Message>
<StackTrace>
<![CDATA[
    at D:\MyRepo\trx-reporter-for-playwright\playwright-tests\example.spec.ts:68:14]]>
</StackTrace>
</ErrorInfo>
</Output>
<ResultFiles>
<ResultFile path="D:\MyRepo\trx-reporter-for-playwright\test-results\example-trx-out-of-time-with-web-chromium-retry1\video.webm"/>
<ResultFile path="D:\MyRepo\trx-reporter-for-playwright\test-results\example-trx-out-of-time-with-web-chromium-retry1\trace.zip"/>
<ResultFile path="D:\MyRepo\trx-reporter-for-playwright\test-results\example-trx-out-of-time-with-web-chromium-retry1\test-failed-1.png"/>
</ResultFiles>
</UnitTestResult>
<UnitTestResult testName="chromium &gt; example.spec.ts &gt; auto" testType="13cdc9d9-ddb5-4fa4-a97d-d965ccfc6d4b" testId="2c91d602-0f17-5c1e-9936-9b0ef9c51917" testListId="8c84fa94-04c1-424b-9868-57a2d4851a1d" computerName="MININT-JGGQRNR" executionId="e1675dc9-5a52-4076-93b8-a4f24b308b92" outcome="Passed" startTime="2023-10-31T08:42:14.801Z" endTime="2023-10-31T08:42:14.809Z" duration="00:00:00.008"/>
</Results>
<TestDefinitions>
<UnitTest id="9d791c3d-6695-5db3-a9b4-a3b0c6eed934" name="chromium &gt; example.spec.ts &gt; chromium &gt; example.spec.ts &gt; trx-owner" storage="D:\MyRepo\trx-reporter-for-playwright\playwright-tests\example.spec.ts">
<Owners>
<Owner name="Song Gao"/>
</Owners>
<TestMethod className="chromium &gt; example.spec.ts" codeBase="D:\MyRepo\trx-reporter-for-playwright\playwright-tests\example.spec.ts" name="chromium &gt; example.spec.ts &gt; trx-owner"/>
</UnitTest>
<UnitTest id="04568db8-8468-57c2-9447-9f9bfec179a5" name="chromium &gt; example.spec.ts &gt; chromium &gt; example.spec.ts &gt; trx-priority" priority="1" storage="D:\MyRepo\trx-reporter-for-playwright\playwright-tests\example.spec.ts">
<TestMethod className="chromium &gt; example.spec.ts" codeBase="D:\MyRepo\trx-reporter-for-playwright\playwright-tests\example.spec.ts" name="chromium &gt; example.spec.ts &gt; trx-priority"/>
</UnitTest>
<UnitTest id="01ce8f93-9bd0-5008-82dc-83ea6db527b7" name="chromium &gt; example.spec.ts &gt; chromium &gt; example.spec.ts &gt; trx-exception" storage="D:\MyRepo\trx-reporter-for-playwright\playwright-tests\example.spec.ts">
<TestMethod className="chromium &gt; example.spec.ts" codeBase="D:\MyRepo\trx-reporter-for-playwright\playwright-tests\example.spec.ts" name="chromium &gt; example.spec.ts &gt; trx-exception"/>
</UnitTest>
<UnitTest id="f1fbf9d4-af2b-5277-b100-558d02b71af2" name="chromium &gt; example.spec.ts &gt; chromium &gt; example.spec.ts &gt; trx-retry-when-failed" storage="D:\MyRepo\trx-reporter-for-playwright\playwright-tests\example.spec.ts">
<TestMethod className="chromium &gt; example.spec.ts" codeBase="D:\MyRepo\trx-reporter-for-playwright\playwright-tests\example.spec.ts" name="chromium &gt; example.spec.ts &gt; trx-retry-when-failed"/>
</UnitTest>
<UnitTest id="18225929-31e3-52ff-a669-7df9fe804a08" name="chromium &gt; example.spec.ts &gt; chromium &gt; example.spec.ts &gt; trx-stdout" storage="D:\MyRepo\trx-reporter-for-playwright\playwright-tests\example.spec.ts">
<TestMethod className="chromium &gt; example.spec.ts" codeBase="D:\MyRepo\trx-reporter-for-playwright\playwright-tests\example.spec.ts" name="chromium &gt; example.spec.ts &gt; trx-stdout"/>
</UnitTest>
<UnitTest id="32bbf147-3f79-5604-b8d9-5fdd5f912808" name="chromium &gt; example.spec.ts &gt; chromium &gt; example.spec.ts &gt; trx-stderr" storage="D:\MyRepo\trx-reporter-for-playwright\playwright-tests\example.spec.ts">
<TestMethod className="chromium &gt; example.spec.ts" codeBase="D:\MyRepo\trx-reporter-for-playwright\playwright-tests\example.spec.ts" name="chromium &gt; example.spec.ts &gt; trx-stderr"/>
</UnitTest>
<UnitTest id="c95cc757-d94d-5cb4-bd6e-c794d1e4624e" name="chromium &gt; example.spec.ts &gt; chromium &gt; example.spec.ts &gt; trx-attachment-text" storage="D:\MyRepo\trx-reporter-for-playwright\playwright-tests\example.spec.ts">
<TestMethod className="chromium &gt; example.spec.ts" codeBase="D:\MyRepo\trx-reporter-for-playwright\playwright-tests\example.spec.ts" name="chromium &gt; example.spec.ts &gt; trx-attachment-text"/>
</UnitTest>
<UnitTest id="c0e565df-9e66-570f-8028-927454205bcd" name="chromium &gt; example.spec.ts &gt; chromium &gt; example.spec.ts &gt; trx-attachment-png" storage="D:\MyRepo\trx-reporter-for-playwright\playwright-tests\example.spec.ts">
<TestMethod className="chromium &gt; example.spec.ts" codeBase="D:\MyRepo\trx-reporter-for-playwright\playwright-tests\example.spec.ts" name="chromium &gt; example.spec.ts &gt; trx-attachment-png"/>
</UnitTest>
<UnitTest id="81fa697e-f6ee-5542-b2f8-c13837512c20" name="chromium &gt; example.spec.ts &gt; chromium &gt; example.spec.ts &gt; trx-out-of-time" storage="D:\MyRepo\trx-reporter-for-playwright\playwright-tests\example.spec.ts">
<TestMethod className="chromium &gt; example.spec.ts" codeBase="D:\MyRepo\trx-reporter-for-playwright\playwright-tests\example.spec.ts" name="chromium &gt; example.spec.ts &gt; trx-out-of-time"/>
</UnitTest>
<UnitTest id="490d4ceb-6fed-5415-ba29-85d07d42ba27" name="chromium &gt; example.spec.ts &gt; chromium &gt; example.spec.ts &gt; trx-out-of-time-with-web" storage="D:\MyRepo\trx-reporter-for-playwright\playwright-tests\example.spec.ts">
<TestMethod className="chromium &gt; example.spec.ts" codeBase="D:\MyRepo\trx-reporter-for-playwright\playwright-tests\example.spec.ts" name="chromium &gt; example.spec.ts &gt; trx-out-of-time-with-web"/>
</UnitTest>
<UnitTest id="2c91d602-0f17-5c1e-9936-9b0ef9c51917" name="chromium &gt; example.spec.ts &gt; chromium &gt; example.spec.ts &gt; auto" priority="5" storage="D:\MyRepo\trx-reporter-for-playwright\playwright-tests\example.spec.ts">
<Owners>
<Owner name="Someone"/>
</Owners>
<TestMethod className="chromium &gt; example.spec.ts" codeBase="D:\MyRepo\trx-reporter-for-playwright\playwright-tests\example.spec.ts" name="chromium &gt; example.spec.ts &gt; auto"/>
</UnitTest>
</TestDefinitions>
<TestEntries>
<TestEntry testId="9d791c3d-6695-5db3-a9b4-a3b0c6eed934" executionId="f0a19d43-7a2a-4788-83b8-5ef58a5b18e2" testListId="8c84fa94-04c1-424b-9868-57a2d4851a1d"/>
<TestEntry testId="04568db8-8468-57c2-9447-9f9bfec179a5" executionId="99432790-0ccf-42d8-b7d6-fa7536ed1b2b" testListId="8c84fa94-04c1-424b-9868-57a2d4851a1d"/>
<TestEntry testId="01ce8f93-9bd0-5008-82dc-83ea6db527b7" executionId="c18dd4c9-ab41-4434-9fb7-5f48c509d915" testListId="8c84fa94-04c1-424b-9868-57a2d4851a1d"/>
<TestEntry testId="f1fbf9d4-af2b-5277-b100-558d02b71af2" executionId="87aa7170-b284-423e-b177-a4880d598683" testListId="8c84fa94-04c1-424b-9868-57a2d4851a1d"/>
<TestEntry testId="f1fbf9d4-af2b-5277-b100-558d02b71af2" executionId="926284b4-5f0a-47f1-9002-480abb2f4d3d" testListId="8c84fa94-04c1-424b-9868-57a2d4851a1d"/>
<TestEntry testId="18225929-31e3-52ff-a669-7df9fe804a08" executionId="1969a58b-b946-492a-9d92-cb3f4c273130" testListId="8c84fa94-04c1-424b-9868-57a2d4851a1d"/>
<TestEntry testId="32bbf147-3f79-5604-b8d9-5fdd5f912808" executionId="827c9b18-40aa-4b53-9fcd-04e43b6b4fc6" testListId="8c84fa94-04c1-424b-9868-57a2d4851a1d"/>
<TestEntry testId="c95cc757-d94d-5cb4-bd6e-c794d1e4624e" executionId="070aa7e3-e5ab-45b5-8fcb-1834d6d947a4" testListId="8c84fa94-04c1-424b-9868-57a2d4851a1d"/>
<TestEntry testId="c0e565df-9e66-570f-8028-927454205bcd" executionId="5cee61e5-0fec-483a-9f5b-0d6040d092e8" testListId="8c84fa94-04c1-424b-9868-57a2d4851a1d"/>
<TestEntry testId="81fa697e-f6ee-5542-b2f8-c13837512c20" executionId="ad507cd9-fa86-4c58-a920-ab7c20da68e3" testListId="8c84fa94-04c1-424b-9868-57a2d4851a1d"/>
<TestEntry testId="81fa697e-f6ee-5542-b2f8-c13837512c20" executionId="833ddc49-12ce-45f3-bcfc-a77b52910a01" testListId="8c84fa94-04c1-424b-9868-57a2d4851a1d"/>
<TestEntry testId="490d4ceb-6fed-5415-ba29-85d07d42ba27" executionId="ccd52b32-d20c-4906-abce-bd53a5fbd35c" testListId="8c84fa94-04c1-424b-9868-57a2d4851a1d"/>
<TestEntry testId="490d4ceb-6fed-5415-ba29-85d07d42ba27" executionId="cb2a30c0-1105-408b-a2bc-fe7d57f45969" testListId="8c84fa94-04c1-424b-9868-57a2d4851a1d"/>
<TestEntry testId="2c91d602-0f17-5c1e-9936-9b0ef9c51917" executionId="e1675dc9-5a52-4076-93b8-a4f24b308b92" testListId="8c84fa94-04c1-424b-9868-57a2d4851a1d"/>
</TestEntries>
<TestLists>
<TestList id="8c84fa94-04c1-424b-9868-57a2d4851a1d" name="Results Not in a List"/>
<TestList id="19431567-8539-422a-85d7-44ee4e166bda" name="All Loaded Results"/>
</TestLists>
<ResultSummary outcome="Failed">
<Counters total="14" executed="13" passed="7" failed="6" error="0" timeout="0" aborted="0" inconclusive="0" passedButRunAborted="0" notRunnable="0" notExecuted="1" disconnected="0" warning="0" completed="0" inProgress="0" pending="0"/>
</ResultSummary>
</TestRun>